c:\users\남효진\desktop\졸프 3-1\project1\shader\debug\shader.pdb
c:\users\남효진\desktop\졸프 3-1\project1\shader\debug\shader.idb
c:\users\남효진\desktop\졸프 3-1\project1\shader\debug\textureshader.obj
c:\users\남효진\desktop\졸프 3-1\project1\shader\debug\specmapshader.obj
c:\users\남효진\desktop\졸프 3-1\project1\shader\debug\shadowshaderclass.obj
c:\users\남효진\desktop\졸프 3-1\project1\shader\debug\shader.obj
c:\users\남효진\desktop\졸프 3-1\project1\shader\debug\lightshader.obj
c:\users\남효진\desktop\졸프 3-1\project1\shader\debug\depthshaderclass.obj
c:\users\남효진\desktop\졸프 3-1\project1\shader\debug\colorshader.obj
c:\users\남효진\desktop\졸프 3-1\project1\shader\debug\bumpmapshader.obj
c:\users\남효진\desktop\졸프 3-1\project1\shader\debug\skydomeshaderclass.obj
c:\users\남효진\desktop\졸프 3-1\project1\project1\lib\shader.lib
c:\users\남효진\desktop\졸프 3-1\project1\\project1\lib\shader.pdb
c:\users\남효진\desktop\졸프 3-1\project1\\project1\lib\shader.lib
c:\users\남효진\desktop\졸프 3-1\project1\shader\debug\shader.tlog\cl.command.1.tlog
c:\users\남효진\desktop\졸프 3-1\project1\shader\debug\shader.tlog\cl.read.1.tlog
c:\users\남효진\desktop\졸프 3-1\project1\shader\debug\shader.tlog\cl.write.1.tlog
c:\users\남효진\desktop\졸프 3-1\project1\shader\debug\shader.tlog\lib-link.read.1.tlog
c:\users\남효진\desktop\졸프 3-1\project1\shader\debug\shader.tlog\lib-link.write.1.tlog
c:\users\남효진\desktop\졸프 3-1\project1\shader\debug\shader.tlog\lib.command.1.tlog
